<?xml version="1.0" encoding="UTF-8"?>
<!-- Generated by org.testng.reporters.JUnitXMLReporter -->
<testsuite hostname="LAPTOP-SMC8HIAI" ignored="0" name="Default test" tests="10" failures="0" timestamp="2021-11-15T09:59:56 IST" time="79.204" errors="0">
  <testcase name="testActiTimeLogin" time="4.233" classname="dataProvider.DataDrivenApproachUsingDataProvider"/>
  <testcase name="testActiTimeLogin" time="4.196" classname="dataProvider.DataDrivenApproachUsingDataProvider"/>
  <testcase name="testActiTimeLogin" time="4.2" classname="dataProvider.DataDrivenApproachUsingDataProvider"/>
  <testcase name="testActiTimeLogin" time="4.181" classname="dataProvider.DataDrivenApproachUsingDataProvider"/>
  <testcase name="testActiTimeLogin" time="4.165" classname="dataProvider.DataDrivenApproachUsingDataProvider"/>
  <testcase name="testActiTimeLogin" time="4.168" classname="dataProvider.DataDrivenApproachUsingDataProvider"/>
  <testcase name="testActiTimeLogin" time="4.159" classname="dataProvider.DataDrivenApproachUsingDataProvider"/>
  <testcase name="testActiTimeLogin" time="4.146" classname="dataProvider.DataDrivenApproachUsingDataProvider"/>
  <testcase name="testActiTimeLogin" time="4.289" classname="dataProvider.DataDrivenApproachUsingDataProvider"/>
  <testcase name="testActiTimeLogin" time="4.18" classname="dataProvider.DataDrivenApproachUsingDataProvider"/>
</testsuite> <!-- Default test -->
