<?xml version="1.0" encoding="UTF-8"?>
<testng-results skipped="0" failed="0" ignored="0" total="2" passed="2">
  <reporter-output>
    <line>
      <![CDATA[method215]]>
    </line>
    <line>
      <![CDATA[method114]]>
    </line>
  </reporter-output>
  <suite name="Suite" duration-ms="43" started-at="2021-11-16T08:49:30 IST" finished-at="2021-11-16T08:49:31 IST">
    <groups>
    </groups>
    <test name="Test" duration-ms="43" started-at="2021-11-16T08:49:30 IST" finished-at="2021-11-16T08:49:31 IST">
      <class name="parallelExecution.MethodsParallely">
        <test-method status="PASS" signature="b()[pri:0, instance:parallelExecution.MethodsParallely@53f65459]" name="b" duration-ms="7" started-at="2021-11-16T08:49:30 IST" finished-at="2021-11-16T08:49:31 IST">
          <reporter-output>
            <line>
              <![CDATA[method215]]>
            </line>
          </reporter-output>
        </test-method> <!-- b -->
        <test-method status="PASS" signature="a()[pri:0, instance:parallelExecution.MethodsParallely@53f65459]" name="a" duration-ms="7" started-at="2021-11-16T08:49:30 IST" finished-at="2021-11-16T08:49:31 IST">
          <reporter-output>
            <line>
              <![CDATA[method114]]>
            </line>
          </reporter-output>
        </test-method> <!-- a -->
      </class> <!-- parallelExecution.MethodsParallely -->
    </test> <!-- Test -->
  </suite> <!-- Suite -->
</testng-results>
